<?xml version="1.0" encoding="UTF-8"?>
<!-- Generated by org.testng.reporters.JUnitReportReporter -->
<testsuite hostname="tjaiswal-VAIO" name="com.guru.commons.testscripts.TC008_DiscountCoupenTest" tests="1" failures="0" timestamp="6 Sep 2017 18:04:34 GMT" time="25.089" errors="0">
  <testcase name="verifyDiscountCoupenApply" time="25.089" classname="com.guru.commons.testscripts.TC008_DiscountCoupenTest"/>
</testsuite> <!-- com.guru.commons.testscripts.TC008_DiscountCoupenTest -->
