<?xml version="1.0" encoding="UTF-8"?>
<!-- Generated by org.testng.reporters.JUnitReportReporter -->
<testsuite hostname="tjaiswal-VAIO" name="GuruAutomation.GuruDemoSiteAutomation.TestEtc" tests="1" failures="0" timestamp="14 Sep 2017 17:35:04 GMT" time="11.412" errors="0">
  <testcase name="test1" time="11.412" classname="GuruAutomation.GuruDemoSiteAutomation.TestEtc"/>
</testsuite> <!-- GuruAutomation.GuruDemoSiteAutomation.TestEtc -->
