<?xml version="1.0" encoding="UTF-8"?>
<!-- Generated by org.testng.reporters.JUnitReportReporter -->
<testsuite hostname="tjaiswal-VAIO" name="com.guru.commons.testscripts.TC016_SearchCustomerDataByCountryNameTest" tests="1" failures="0" timestamp="20 Sep 2017 17:46:40 GMT" time="43.868" errors="0">
  <testcase name="verifySerachCustomerDataByCountryTest" time="43.868" classname="com.guru.commons.testscripts.TC016_SearchCustomerDataByCountryNameTest"/>
</testsuite> <!-- com.guru.commons.testscripts.TC016_SearchCustomerDataByCountryNameTest -->
