<?xml version="1.0" encoding="UTF-8"?>
<!-- Generated by org.testng.reporters.JUnitReportReporter -->
<testsuite hostname="tjaiswal-VAIO" name="GuruAutomation.GuruDemoSiteAutomation.ClassThree" tests="2" failures="0" timestamp="8 Oct 2017 06:19:20 GMT" time="0.008" errors="0">
  <testcase name="firstTestCase" time="0.002" classname="GuruAutomation.GuruDemoSiteAutomation.ClassThree"/>
  <testcase name="secondTestCase" time="0.006" classname="GuruAutomation.GuruDemoSiteAutomation.ClassThree"/>
</testsuite> <!-- GuruAutomation.GuruDemoSiteAutomation.ClassThree -->
