<?xml version="1.0" encoding="UTF-8"?>
<!-- Generated by org.testng.reporters.JUnitReportReporter -->
<testsuite hostname="tjaiswal-VAIO" name="com.guru.commons.testscripts.TC_010_PrintedInvoicesTest" tests="2" failures="0" timestamp="9 Sep 2017 06:39:15 GMT" time="66.847" errors="0">
  <testcase name="verifyInvoiceSatus" time="31.978" classname="com.guru.commons.testscripts.TC_010_PrintedInvoicesTest"/>
  <testcase name="veridyInvoicesIsDownload" time="34.869" classname="com.guru.commons.testscripts.TC_010_PrintedInvoicesTest"/>
</testsuite> <!-- com.guru.commons.testscripts.TC_010_PrintedInvoicesTest -->
