<?xml version="1.0" encoding="UTF-8"?>
<!-- Generated by org.testng.reporters.JUnitReportReporter -->
<testsuite hostname="tjaiswal-VAIO" name="com.guru.commons.testscripts.TC014_DisabledFieldTest" tests="1" failures="0" timestamp="16 Sep 2017 14:07:54 GMT" time="23.063" errors="0">
  <testcase name="verifyDisabledFieldTest" time="23.063" classname="com.guru.commons.testscripts.TC014_DisabledFieldTest"/>
</testsuite> <!-- com.guru.commons.testscripts.TC014_DisabledFieldTest -->
