<?xml version="1.0" encoding="UTF-8"?>
<!-- Generated by org.testng.reporters.JUnitReportReporter -->
<testsuite hostname="tjaiswal-VAIO" name="com.guru.commons.testscripts.TC_007_ReorderTest" tests="2" failures="0" timestamp="5 Sep 2017 18:57:00 GMT" time="59.247" errors="0">
  <testcase name="verifyReoderIdConfirmation" time="11.977" classname="com.guru.commons.testscripts.TC_007_ReorderTest"/>
  <testcase name="verifyReoderPrdTotalCost" time="47.270" classname="com.guru.commons.testscripts.TC_007_ReorderTest"/>
</testsuite> <!-- com.guru.commons.testscripts.TC_007_ReorderTest -->
