<?xml version="1.0" encoding="UTF-8"?>
<!-- Generated by org.testng.reporters.JUnitReportReporter -->
<testsuite hostname="tjaiswal-VAIO" name="com.guru.commons.testscripts.TC009_OrdersCsvDataTest" tests="1" failures="0" timestamp="7 Sep 2017 19:20:35 GMT" time="68.058" errors="0">
  <testcase name="verifyOrderCsvIsDownloadorNot" time="68.058" classname="com.guru.commons.testscripts.TC009_OrdersCsvDataTest"/>
</testsuite> <!-- com.guru.commons.testscripts.TC009_OrdersCsvDataTest -->
