<?xml version="1.0" encoding="UTF-8"?>
<!-- Generated by org.testng.reporters.JUnitReportReporter -->
<testsuite hostname="tjaiswal-VAIO" name="com.guru.commons.testscripts.TC004_RegistrationPageTest" tests="2" failures="0" timestamp="1 Sep 2017 20:00:52 GMT" time="23.136" errors="0">
  <testcase name="verifyWishListAdded" time="11.259" classname="com.guru.commons.testscripts.TC004_RegistrationPageTest"/>
  <testcase name="verifyRegistration" time="11.877" classname="com.guru.commons.testscripts.TC004_RegistrationPageTest"/>
</testsuite> <!-- com.guru.commons.testscripts.TC004_RegistrationPageTest -->
