<?xml version="1.0" encoding="UTF-8"?>
<!-- Generated by org.testng.reporters.JUnitReportReporter -->
<testsuite hostname="tjaiswal-VAIO" name="GuruAutomation.GuruDemoSiteAutomation.ClassTwo" tests="2" failures="0" timestamp="10 Oct 2017 13:21:58 GMT" time="0.015" errors="0">
  <testcase name="secondTestCase" time="0.002" classname="GuruAutomation.GuruDemoSiteAutomation.ClassTwo"/>
  <testcase name="firstTestCase" time="0.013" classname="GuruAutomation.GuruDemoSiteAutomation.ClassTwo"/>
</testsuite> <!-- GuruAutomation.GuruDemoSiteAutomation.ClassTwo -->
