<?xml version="1.0" encoding="UTF-8"?>
<!-- Generated by org.testng.reporters.JUnitReportReporter -->
<testsuite hostname="tjaiswal-VAIO" name="com.guru.commons.testscripts.TC011_ProductReviewPostedTest" tests="1" failures="0" timestamp="10 Sep 2017 10:58:40 GMT" time="70.186" errors="0">
  <testcase name="verifyPrductReviewPosted" time="70.186" classname="com.guru.commons.testscripts.TC011_ProductReviewPostedTest"/>
</testsuite> <!-- com.guru.commons.testscripts.TC011_ProductReviewPostedTest -->
