<?xml version="1.0" encoding="UTF-8"?>
<!-- Generated by org.testng.reporters.JUnitReportReporter -->
<testsuite hostname="tjaiswal-VAIO" name="com.guru.commons.testscripts.TC013_SearchProductInPriceRangeTest" tests="1" failures="0" timestamp="15 Sep 2017 17:27:14 GMT" time="47.587" errors="0">
  <testcase name="verifySearchPrdInPrice" time="47.587" classname="com.guru.commons.testscripts.TC013_SearchProductInPriceRangeTest"/>
</testsuite> <!-- com.guru.commons.testscripts.TC013_SearchProductInPriceRangeTest -->
