<?xml version="1.0" encoding="UTF-8"?>
<!-- Generated by org.testng.reporters.JUnitReportReporter -->
<testsuite hostname="tjaiswal-VAIO" name="com.guru.commons.testscripts.TC017_CustomerDataInGridTest" tests="1" failures="0" timestamp="26 Sep 2017 17:34:49 GMT" time="70.007" errors="0">
  <testcase name="verifyCustmerdataInDataGridTest" time="70.007" classname="com.guru.commons.testscripts.TC017_CustomerDataInGridTest"/>
</testsuite> <!-- com.guru.commons.testscripts.TC017_CustomerDataInGridTest -->
