<?xml version="1.0" encoding="UTF-8"?>
<!-- Generated by org.testng.reporters.JUnitReportReporter -->
<testsuite hostname="tjaiswal-VAIO" name="com.guru.commons.testscripts.TC003_ComparePrdTest" tests="1" failures="0" timestamp="1 Sep 2017 16:56:50 GMT" time="20.846" errors="0">
  <testcase name="verifycomparePrd" time="20.846" classname="com.guru.commons.testscripts.TC003_ComparePrdTest"/>
</testsuite> <!-- com.guru.commons.testscripts.TC003_ComparePrdTest -->
