<?xml version="1.0" encoding="UTF-8"?>
<!-- Generated by org.testng.reporters.JUnitReportReporter -->
<testsuite hostname="tjaiswal-VAIO" name="com.guru.commons.testscripts.TC007_ReorderTest" tests="2" failures="0" timestamp="5 Sep 2017 19:20:43 GMT" time="59.668" errors="0">
  <testcase name="verifyReoderPrdTotalCost" time="47.988" classname="com.guru.commons.testscripts.TC007_ReorderTest"/>
  <testcase name="verifyReoderIdConfirmation" time="11.680" classname="com.guru.commons.testscripts.TC007_ReorderTest"/>
</testsuite> <!-- com.guru.commons.testscripts.TC007_ReorderTest -->
