<?xml version="1.0" encoding="UTF-8"?>
<!-- Generated by org.testng.reporters.JUnitReportReporter -->
<testsuite hostname="tjaiswal-VAIO" name="com.guru.commons.testscripts.TC002_AddCartOptionTest" tests="2" failures="0" timestamp="30 Aug 2017 19:36:42 GMT" time="109.989" errors="0">
  <testcase name="verifyPrdEmptyInCart" time="33.198" classname="com.guru.commons.testscripts.TC002_AddCartOptionTest"/>
  <testcase name="verifyMaxPrdAvailableInStore" time="76.791" classname="com.guru.commons.testscripts.TC002_AddCartOptionTest"/>
</testsuite> <!-- com.guru.commons.testscripts.TC002_AddCartOptionTest -->
