<?xml version="1.0" encoding="UTF-8"?>
<!-- Generated by org.testng.reporters.JUnitReportReporter -->
<testsuite hostname="tjaiswal-VAIO" name="GuruAutomation.GuruDemoSiteAutomation.example.ClassOne" tests="2" failures="0" timestamp="11 Oct 2017 15:20:14 GMT" time="0.013" errors="0">
  <testcase name="secondTestCase" time="0.001" classname="GuruAutomation.GuruDemoSiteAutomation.example.ClassOne"/>
  <testcase name="firstTestCase" time="0.012" classname="GuruAutomation.GuruDemoSiteAutomation.example.ClassOne"/>
</testsuite> <!-- GuruAutomation.GuruDemoSiteAutomation.example.ClassOne -->
